0 info it worked if it ends with ok
1 verbose cli [ '/Users/v/.nvm/versions/node/v6.4.0/bin/node',
1 verbose cli   '/Users/v/.nvm/versions/node/v6.4.0/bin/npm',
1 verbose cli   'publish' ]
2 info using npm@3.10.3
3 info using node@v6.4.0
4 verbose publish [ '.' ]
5 silly cache add args [ '.', null ]
6 verbose cache add spec .
7 silly cache add parsed spec Result {
7 silly cache add   raw: '.',
7 silly cache add   scope: null,
7 silly cache add   escapedName: null,
7 silly cache add   name: null,
7 silly cache add   rawSpec: '.',
7 silly cache add   spec: '/Users/v/inside',
7 silly cache add   type: 'directory' }
8 verbose addLocalDirectory /Users/v/.npm/see/1.0.0/package.tgz not in flight; packing
9 verbose correctMkdir /Users/v/.npm correctMkdir not in flight; initializing
10 info lifecycle see@1.0.0~prepublish: see@1.0.0
11 silly lifecycle see@1.0.0~prepublish: no script for prepublish, continuing
12 verbose tar pack [ '/Users/v/.npm/see/1.0.0/package.tgz', '/Users/v/inside' ]
13 verbose tarball /Users/v/.npm/see/1.0.0/package.tgz
14 verbose folder /Users/v/inside
15 verbose addLocalTarball adding from inside cache /Users/v/.npm/see/1.0.0/package.tgz
16 verbose correctMkdir /Users/v/.npm correctMkdir not in flight; initializing
17 silly cache afterAdd see@1.0.0
18 verbose afterAdd /Users/v/.npm/see/1.0.0/package/package.json not in flight; writing
19 verbose correctMkdir /Users/v/.npm correctMkdir not in flight; initializing
20 verbose afterAdd /Users/v/.npm/see/1.0.0/package/package.json written
21 silly publish { name: 'see',
21 silly publish   version: '1.0.0',
21 silly publish   description: 'See the contents of a pure function',
21 silly publish   main: 'see.js',
21 silly publish   scripts: { test: 'mocha test' },
21 silly publish   keywords: [ 'lambda', 'lambda-calculus', 'function', 'json' ],
21 silly publish   author: { name: 'MaiaVictor' },
21 silly publish   license: 'MIT',
21 silly publish   readme: '## see\n\nAllows you to see the contents inside a JS function. \n\nWorks with functions containing objects, arrays and function calls of any kind. Also works with functions containing loops and conditionals that don\'t depend on variables. Doesn\'t work with functions containing operators on variables (ex: `a => a + 3`). \n\n**Can be used to turn JavaScript into a pretty fast lambda-calculus evaluator.**\n\n### Example\n\n```javascript\nconst see = require("see");\nassert(\n  see (a => b => a(b)(c => c))\n  === "a => b => a(b)(c => c)");\n```\n\n*Note: this is basically [LJSON](https://github.com/MaiaVictor/LJSON) without the parser.*\n',
21 silly publish   readmeFilename: 'README.md',
21 silly publish   gitHead: '8dc523e823dfb0bdce35ecf1e05feb4d9c3e2bf7',
21 silly publish   _id: 'see@1.0.0',
21 silly publish   _shasum: '7e3903b9952dfa65f2de7209e09e6e29d9c2b98e',
21 silly publish   _from: '.' }
22 verbose getPublishConfig undefined
23 silly mapToRegistry name see
24 silly mapToRegistry using default registry
25 silly mapToRegistry registry https://registry.npmjs.org/
26 silly mapToRegistry data Result {
26 silly mapToRegistry   raw: 'see',
26 silly mapToRegistry   scope: null,
26 silly mapToRegistry   escapedName: 'see',
26 silly mapToRegistry   name: 'see',
26 silly mapToRegistry   rawSpec: '',
26 silly mapToRegistry   spec: 'latest',
26 silly mapToRegistry   type: 'tag' }
27 silly mapToRegistry uri https://registry.npmjs.org/see
28 verbose publish registryBase https://registry.npmjs.org/
29 silly publish uploading /Users/v/.npm/see/1.0.0/package.tgz
30 verbose request uri https://registry.npmjs.org/see
31 verbose request sending authorization for write operation
32 info attempt registry request try #1 at 1:46:03 AM
33 verbose request using bearer token for auth
34 verbose request id e8e9ac3947e2ae12
35 http request PUT https://registry.npmjs.org/see
36 http 403 https://registry.npmjs.org/see
37 verbose headers { 'content-type': 'application/json',
37 verbose headers   'cache-control': 'max-age=300',
37 verbose headers   'content-length': '97',
37 verbose headers   'accept-ranges': 'bytes',
37 verbose headers   date: 'Sat, 28 Jan 2017 03:46:05 GMT',
37 verbose headers   via: '1.1 varnish',
37 verbose headers   connection: 'keep-alive',
37 verbose headers   'x-served-by': 'cache-gru7120-GRU',
37 verbose headers   'x-cache': 'MISS',
37 verbose headers   'x-cache-hits': '0',
37 verbose headers   'x-timer': 'S1485575164.145486,VS0,VE964',
37 verbose headers   vary: 'Accept-Encoding' }
38 verbose request invalidating /Users/v/.npm/registry.npmjs.org/see on PUT
39 error publish Failed PUT 403
40 verbose stack Error: you do not have permission to publish "see". Are you logged in as the correct user? : see
40 verbose stack     at makeError (/Users/v/.nvm/versions/node/v6.4.0/lib/node_modules/npm/node_modules/npm-registry-client/lib/request.js:264:12)
40 verbose stack     at CachingRegistryClient.<anonymous> (/Users/v/.nvm/versions/node/v6.4.0/lib/node_modules/npm/node_modules/npm-registry-client/lib/request.js:252:14)
40 verbose stack     at Request._callback (/Users/v/.nvm/versions/node/v6.4.0/lib/node_modules/npm/node_modules/npm-registry-client/lib/request.js:172:14)
40 verbose stack     at Request.self.callback (/Users/v/.nvm/versions/node/v6.4.0/lib/node_modules/npm/node_modules/request/request.js:200:22)
40 verbose stack     at emitTwo (events.js:106:13)
40 verbose stack     at Request.emit (events.js:191:7)
40 verbose stack     at Request.<anonymous> (/Users/v/.nvm/versions/node/v6.4.0/lib/node_modules/npm/node_modules/request/request.js:1067:10)
40 verbose stack     at emitOne (events.js:101:20)
40 verbose stack     at Request.emit (events.js:188:7)
40 verbose stack     at IncomingMessage.<anonymous> (/Users/v/.nvm/versions/node/v6.4.0/lib/node_modules/npm/node_modules/request/request.js:988:12)
41 verbose statusCode 403
42 verbose pkgid see
43 verbose cwd /Users/v/inside
44 error Darwin 16.3.0
45 error argv "/Users/v/.nvm/versions/node/v6.4.0/bin/node" "/Users/v/.nvm/versions/node/v6.4.0/bin/npm" "publish"
46 error node v6.4.0
47 error npm  v3.10.3
48 error code E403
49 error you do not have permission to publish "see". Are you logged in as the correct user? : see
50 error If you need help, you may report this error at:
50 error     <https://github.com/npm/npm/issues>
51 verbose exit [ 1, true ]
